<?xml version="1.0" encoding="UTF-8"?>
<!-- Generated by org.testng.reporters.JUnitReportReporter -->
<testsuite hostname="Mukilsai" failures="0" tests="11" name="TestRunner.TestNGRunner" time="60.991" errors="0" timestamp="2024-06-28T00:19:33 EDT" skipped="0">
  <testcase classname="TestRunner.TestNGRunner" name="runScenario" time="0.195"/>
  <testcase classname="TestRunner.TestNGRunner" name="runScenario" time="0.159"/>
  <testcase classname="TestRunner.TestNGRunner" name="runScenario" time="5.900"/>
  <testcase classname="TestRunner.TestNGRunner" name="runScenario" time="0.197"/>
  <testcase classname="TestRunner.TestNGRunner" name="runScenario" time="1.604"/>
  <testcase classname="TestRunner.TestNGRunner" name="runScenario" time="0.170"/>
  <testcase classname="TestRunner.TestNGRunner" name="runScenario" time="0.094"/>
  <testcase classname="TestRunner.TestNGRunner" name="runScenario" time="2.227"/>
  <testcase classname="TestRunner.TestNGRunner" name="runScenario" time="0.384"/>
  <testcase classname="TestRunner.TestNGRunner" name="runScenario" time="0.261"/>
  <testcase classname="TestRunner.TestNGRunner" name="runScenario" time="49.800"/>
</testsuite> <!-- TestRunner.TestNGRunner -->
