<?xml version="1.0" encoding="UTF-8"?>
<!-- Generated by org.testng.reporters.JUnitReportReporter -->
<testsuite hostname="Mukilsai" failures="0" tests="6" name="stepDefinitions.TestNGRunner" time="4.285" errors="0" timestamp="2024-06-10T16:42:35 EDT" skipped="0">
  <testcase classname="stepDefinitions.TestNGRunner" name="runScenario" time="0.266"/>
  <testcase classname="stepDefinitions.TestNGRunner" name="runScenario" time="0.196"/>
  <testcase classname="stepDefinitions.TestNGRunner" name="runScenario" time="1.954"/>
  <testcase classname="stepDefinitions.TestNGRunner" name="runScenario" time="0.838"/>
  <testcase classname="stepDefinitions.TestNGRunner" name="runScenario" time="0.455"/>
  <testcase classname="stepDefinitions.TestNGRunner" name="runScenario" time="0.576"/>
</testsuite> <!-- stepDefinitions.TestNGRunner -->
