<?xml version="1.0" encoding="UTF-8"?>
<!-- Generated by org.testng.reporters.JUnitReportReporter -->
<testsuite hostname="Mukilsai" failures="0" tests="43" name="TestRunner.TestNGRunner" time="182.121" errors="2" timestamp="2024-06-24T16:30:12 EDT" skipped="0">
  <testcase classname="TestRunner.TestNGRunner" name="runScenario" time="0.238"/>
  <testcase classname="TestRunner.TestNGRunner" name="runScenario" time="0.516"/>
  <testcase classname="TestRunner.TestNGRunner" name="runScenario" time="6.738"/>
  <testcase classname="TestRunner.TestNGRunner" name="runScenario" time="6.289"/>
  <testcase classname="TestRunner.TestNGRunner" name="runScenario" time="3.554"/>
  <testcase classname="TestRunner.TestNGRunner" name="runScenario" time="2.535"/>
  <testcase classname="TestRunner.TestNGRunner" name="runScenario" time="0.217"/>
  <testcase classname="TestRunner.TestNGRunner" name="runScenario" time="1.688"/>
  <testcase classname="TestRunner.TestNGRunner" name="runScenario" time="0.249"/>
  <testcase classname="TestRunner.TestNGRunner" name="runScenario" time="0.361"/>
  <testcase classname="TestRunner.TestNGRunner" name="runScenario" time="0.399"/>
  <testcase classname="TestRunner.TestNGRunner" name="runScenario" time="4.809"/>
  <testcase classname="TestRunner.TestNGRunner" name="runScenario" time="9.440"/>
  <testcase classname="TestRunner.TestNGRunner" name="runScenario" time="2.514">
    <error message="Session ID is null. Using WebDriver after calling quit()?
Build info: version: &#039;4.20.0&#039;, revision: &#039;866c76ca80&#039;
System info: os.name: &#039;Windows 11&#039;, os.arch: &#039;amd64&#039;, os.version: &#039;10.0&#039;, java.version: &#039;21.0.3&#039;
Driver info: org.openqa.selenium.chrome.ChromeDriver
Command: [null, goBack {}]
Capabilities {acceptInsecureCerts: false, browserName: chrome, browserVersion: 126.0.6478.114, chrome: {chromedriverVersion: 125.0.6422.60 (3ac3319bff9f..., userDataDir: C:\Users\mukil\AppData\Loca...}, fedcm:accounts: true, goog:chromeOptions: {debuggerAddress: localhost:55560}, networkConnectionEnabled: false, pageLoadStrategy: normal, platformName: windows, proxy: Proxy(), se:cdp: ws://localhost:55560/devtoo..., se:cdpVersion: 126.0.6478.114, setWindowRect: true, strictFileInteractability: false, timeouts: {implicit: 0, pageLoad: 300000, script: 30000}, unhandledPromptBehavior: dismiss and notify, webauthn:extension:credBlob: true, webauthn:extension:largeBlob: true, webauthn:extension:minPinLength: true, webauthn:extension:prf: true, webauthn:virtualAuthenticators: true}" type="org.openqa.selenium.NoSuchSessionException">
      <![CDATA[org.openqa.selenium.NoSuchSessionException: Session ID is null. Using WebDriver after calling quit()?
Build info: version: '4.20.0', revision: '866c76ca80'
System info: os.name: 'Windows 11', os.arch: 'amd64', os.version: '10.0', java.version: '21.0.3'
Driver info: org.openqa.selenium.chrome.ChromeDriver
Command: [null, goBack {}]
Capabilities {acceptInsecureCerts: false, browserName: chrome, browserVersion: 126.0.6478.114, chrome: {chromedriverVersion: 125.0.6422.60 (3ac3319bff9f..., userDataDir: C:\Users\mukil\AppData\Loca...}, fedcm:accounts: true, goog:chromeOptions: {debuggerAddress: localhost:55560}, networkConnectionEnabled: false, pageLoadStrategy: normal, platformName: windows, proxy: Proxy(), se:cdp: ws://localhost:55560/devtoo..., se:cdpVersion: 126.0.6478.114, setWindowRect: true, strictFileInteractability: false, timeouts: {implicit: 0, pageLoad: 300000, script: 30000}, unhandledPromptBehavior: dismiss and notify, webauthn:extension:credBlob: true, webauthn:extension:largeBlob: true, webauthn:extension:minPinLength: true, webauthn:extension:prf: true, webauthn:virtualAuthenticators: true}
at org.openqa.selenium.remote.HttpCommandExecutor.execute(HttpCommandExecutor.java:151)
at org.openqa.selenium.remote.service.DriverCommandExecutor.invokeExecute(DriverCommandExecutor.java:216)
at org.openqa.selenium.remote.service.DriverCommandExecutor.execute(DriverCommandExecutor.java:174)
at org.openqa.selenium.remote.RemoteWebDriver.execute(RemoteWebDriver.java:518)
at org.openqa.selenium.remote.RemoteWebDriver.execute(RemoteWebDriver.java:591)
at org.openqa.selenium.remote.RemoteWebDriver.execute(RemoteWebDriver.java:595)
at org.openqa.selenium.remote.RemoteWebDriver$RemoteNavigation.back(RemoteWebDriver.java:1053)
at PageObjectModel.DSIntro.goBack(DSIntro.java:70)
at stepDefinitions.LoginstepsDefinition.nothing_displays_and_user_directed_to_homepage(LoginstepsDefinition.java:110)
at ✽.Nothing displays and user directed to dspage(file:///C:/Users/mukil/Automation%20Challengers/DsAlgo_Automaion-challengers/Ds-algo/src/test/resources/Features/ds_introduction.feature:27)
]]>
    </error>
  </testcase> <!-- runScenario -->
  <testcase classname="TestRunner.TestNGRunner" name="runScenario" time="0.085"/>
  <testcase classname="TestRunner.TestNGRunner" name="runScenario" time="9.986"/>
  <testcase classname="TestRunner.TestNGRunner" name="runScenario" time="0.015">
    <error message="Cannot invoke &quot;PageObjectModel.LinkedList_Page.clickIntroLink()&quot; because &quot;this.llpage&quot; is null" type="java.lang.NullPointerException">
      <![CDATA[java.lang.NullPointerException: Cannot invoke "PageObjectModel.LinkedList_Page.clickIntroLink()" because "this.llpage" is null
at stepDefinitions.LinkedList_def.clickIntro(LinkedList_def.java:74)
at ✽.user clicks on the introduction link(file:///C:/Users/mukil/Automation%20Challengers/DsAlgo_Automaion-challengers/Ds-algo/src/test/resources/Features/LinkedLList.feature:9)
]]>
    </error>
  </testcase> <!-- runScenario -->
  <testcase classname="TestRunner.TestNGRunner" name="runScenario" time="3.738"/>
  <testcase classname="TestRunner.TestNGRunner" name="runScenario" time="2.406"/>
  <testcase classname="TestRunner.TestNGRunner" name="runScenario" time="0.166"/>
  <testcase classname="TestRunner.TestNGRunner" name="runScenario" time="4.835"/>
  <testcase classname="TestRunner.TestNGRunner" name="runScenario" time="0.671"/>
  <testcase classname="TestRunner.TestNGRunner" name="runScenario" time="0.623"/>
  <testcase classname="TestRunner.TestNGRunner" name="runScenario" time="2.471"/>
  <testcase classname="TestRunner.TestNGRunner" name="runScenario" time="19.052"/>
  <testcase classname="TestRunner.TestNGRunner" name="runScenario" time="0.065"/>
  <testcase classname="TestRunner.TestNGRunner" name="runScenario" time="0.766"/>
  <testcase classname="TestRunner.TestNGRunner" name="runScenario" time="0.099"/>
  <testcase classname="TestRunner.TestNGRunner" name="runScenario" time="7.709"/>
  <testcase classname="TestRunner.TestNGRunner" name="runScenario" time="3.055"/>
  <testcase classname="TestRunner.TestNGRunner" name="runScenario" time="7.651"/>
  <testcase classname="TestRunner.TestNGRunner" name="runScenario" time="20.985"/>
  <testcase classname="TestRunner.TestNGRunner" name="runScenario" time="0.742"/>
  <testcase classname="TestRunner.TestNGRunner" name="runScenario" time="0.151"/>
  <testcase classname="TestRunner.TestNGRunner" name="runScenario" time="0.196"/>
  <testcase classname="TestRunner.TestNGRunner" name="runScenario" time="13.637"/>
  <testcase classname="TestRunner.TestNGRunner" name="runScenario" time="28.973"/>
  <testcase classname="TestRunner.TestNGRunner" name="runScenario" time="0.008"/>
  <testcase classname="TestRunner.TestNGRunner" name="runScenario" time="5.740"/>
  <testcase classname="TestRunner.TestNGRunner" name="runScenario" time="2.252"/>
  <testcase classname="TestRunner.TestNGRunner" name="runScenario" time="0.285"/>
  <testcase classname="TestRunner.TestNGRunner" name="runScenario" time="5.816"/>
  <testcase classname="TestRunner.TestNGRunner" name="runScenario" time="0.396"/>
</testsuite> <!-- TestRunner.TestNGRunner -->
